<?xml version="1.0" encoding="UTF-8"?>
<testng-results skipped="0" failed="0" total="2" passed="2">
  <reporter-output>
  </reporter-output>
  <suite name="Suite" duration-ms="38106" started-at="2018-01-10T12:09:12Z" finished-at="2018-01-10T12:09:50Z">
    <groups>
    </groups>
    <test name="Test" duration-ms="38106" started-at="2018-01-10T12:09:12Z" finished-at="2018-01-10T12:09:50Z">
      <class name="testcases.ARTEMIS">
        <test-method status="PASS" signature="CyclosDemo002_442()[pri:0, instance:testcases.ARTEMIS@26653222]" name="CyclosDemo002_442" duration-ms="20222" started-at="2018-01-10T17:39:12Z" finished-at="2018-01-10T17:39:32Z">
          <reporter-output>
          </reporter-output>
        </test-method> <!-- CyclosDemo002_442 -->
        <test-method status="PASS" signature="CyclosDemo003_445()[pri:0, instance:testcases.ARTEMIS@26653222]" name="CyclosDemo003_445" duration-ms="17870" started-at="2018-01-10T17:39:32Z" finished-at="2018-01-10T17:39:50Z">
          <reporter-output>
          </reporter-output>
        </test-method> <!-- CyclosDemo003_445 -->
      </class> <!-- testcases.ARTEMIS -->
    </test> <!-- Test -->
  </suite> <!-- Suite -->
</testng-results>
